25/10/2021 13:02:06[INFO]: execution started
25/10/2021 13:02:06[INFO]: credentials read
25/10/2021 13:02:07[INFO]: driver initialized
25/10/2021 13:02:15[INFO]: facebook login success
25/10/2021 13:02:19[INFO]: at birthday event page
25/10/2021 13:02:20[INFO]: There are no birthdays today!
25/10/2021 13:02:20[INFO]: 0 wishes sent
25/10/2021 13:02:20[INFO]: execution complete
25/10/2021 14:07:38[INFO]: execution started
25/10/2021 14:07:38[INFO]: credentials read
25/10/2021 14:07:41[INFO]: driver initialized
25/10/2021 14:07:48[INFO]: facebook login success
25/10/2021 14:07:56[INFO]: at birthday event page
25/10/2021 14:07:56[INFO]: There are no birthdays today!
25/10/2021 14:07:56[INFO]: 0 wishes sent
25/10/2021 14:07:56[INFO]: execution complete
25/10/2021 14:14:57[INFO]: execution started
25/10/2021 14:14:57[INFO]: credentials read
25/10/2021 14:14:58[INFO]: driver initialized
25/10/2021 14:15:04[INFO]: facebook login success
25/10/2021 14:15:10[INFO]: at birthday event page
25/10/2021 14:15:10[INFO]: There are no birthdays today!
25/10/2021 14:15:10[INFO]: 0 wishes sent
25/10/2021 14:15:10[INFO]: execution complete
25/10/2021 14:22:01[INFO]: execution started
25/10/2021 14:22:01[INFO]: credentials read
25/10/2021 14:22:03[INFO]: driver initialized
25/10/2021 14:22:11[INFO]: facebook login success
25/10/2021 14:22:17[INFO]: at birthday event page
25/10/2021 14:22:17[INFO]: There are no birthdays today!
25/10/2021 14:22:17[INFO]: 0 wishes sent
25/10/2021 14:22:17[INFO]: execution complete
25/10/2021 14:34:01[INFO]: execution started
25/10/2021 14:34:01[INFO]: credentials read
25/10/2021 14:34:03[INFO]: driver initialized
25/10/2021 14:34:10[INFO]: facebook login success
25/10/2021 14:34:16[INFO]: at birthday event page
25/10/2021 14:34:16[INFO]: There are no birthdays today!
25/10/2021 14:34:16[INFO]: 0 wishes sent
25/10/2021 14:34:16[INFO]: execution complete
26/10/2021 01:00:01[INFO]: execution started
26/10/2021 01:00:01[INFO]: credentials read
26/10/2021 01:00:02[INFO]: driver initialized
26/10/2021 01:00:08[INFO]: facebook login success
26/10/2021 01:00:14[INFO]: at birthday event page
26/10/2021 01:00:15[INFO]: 1 wishes sent
26/10/2021 01:00:15[INFO]: execution complete
26/10/2021 14:00:01[INFO]: execution started
26/10/2021 14:00:01[INFO]: credentials read
26/10/2021 14:00:03[INFO]: driver initialized
26/10/2021 14:00:09[INFO]: facebook login success
26/10/2021 14:00:17[INFO]: at birthday event page
26/10/2021 14:00:18[INFO]: There are no birthdays today!
26/10/2021 14:00:18[INFO]: 0 wishes sent
26/10/2021 14:00:18[INFO]: execution complete
26/10/2021 23:24:25[INFO]: execution started
26/10/2021 23:24:25[INFO]: credentials read
26/10/2021 23:24:26[INFO]: driver initialized
26/10/2021 23:24:32[INFO]: facebook login success
26/10/2021 23:24:39[INFO]: at birthday event page
26/10/2021 23:24:39[INFO]: There are no birthdays today!
26/10/2021 23:24:39[INFO]: 0 wishe(s) sent
26/10/2021 23:24:39[INFO]: execution complete
26/10/2021 23:28:08[INFO]: execution started
26/10/2021 23:28:08[INFO]: credentials read
26/10/2021 23:28:09[INFO]: driver initialized
26/10/2021 23:28:15[INFO]: facebook login success
26/10/2021 23:28:21[INFO]: at birthday event page
26/10/2021 23:28:21[INFO]: There are no birthdays today!
26/10/2021 23:28:21[INFO]: 0 wishe(s) sent
26/10/2021 23:28:21[INFO]: execution complete
27/10/2021 01:00:02[INFO]: execution started
27/10/2021 01:00:02[INFO]: credentials read
27/10/2021 01:00:03[INFO]: driver initialized
27/10/2021 01:00:08[INFO]: facebook login success
27/10/2021 01:00:15[INFO]: at birthday event page
27/10/2021 01:00:16[INFO]: 1 wishe(s) sent
27/10/2021 01:00:16[INFO]: execution complete
27/10/2021 01:36:51[INFO]: execution started
27/10/2021 01:36:51[INFO]: credentials read
27/10/2021 01:36:52[INFO]: driver initialized
27/10/2021 01:36:58[INFO]: facebook login success
27/10/2021 01:37:04[INFO]: at birthday event page
27/10/2021 01:37:04[INFO]: There are no birthdays today!
27/10/2021 01:37:04[INFO]: 0 wishe(s) sent
27/10/2021 01:37:04[INFO]: execution complete